<?xml version="1.0" encoding="UTF-8"?>
<!-- Generated by org.testng.reporters.JUnitReportReporter -->
<testsuite hostname="ITEM-S109239" failures="0" tests="1" name="day1.Basecase" time="2.135" errors="0" timestamp="2023-07-26T01:14:27 IST" skipped="0">
  <testcase classname="day1.Basecase" name="quit" time="2.135"/>
</testsuite> <!-- day1.Basecase -->
