<?xml version="1.0" encoding="UTF-8"?>
<!-- Generated by org.testng.reporters.JUnitReportReporter -->
<testsuite hostname="ITEM-S109239" failures="0" tests="1" name="test22.Satyam1" time="0.007" errors="0" timestamp="2023-07-24T00:01:27 IST" skipped="0">
  <testcase classname="test22.Satyam1" name="Testmain" time="0.007"/>
</testsuite> <!-- test22.Satyam1 -->
