<?xml version="1.0" encoding="UTF-8"?>
<!-- Generated by org.testng.reporters.JUnitReportReporter -->
<testsuite hostname="ITEM-S109239" failures="0" tests="1" name="day4.Navigate_Back_Forward_Refresh" time="15.948" errors="0" timestamp="2023-07-27T01:45:48 IST" skipped="0">
  <testcase classname="day4.Navigate_Back_Forward_Refresh" name="Test" time="15.948"/>
</testsuite> <!-- day4.Navigate_Back_Forward_Refresh -->
