<?xml version="1.0" encoding="UTF-8"?>
<!-- Generated by org.testng.reporters.JUnitReportReporter -->
<testsuite hostname="ITEM-S109239" failures="0" tests="1" name="day5.Selectdropdown" time="7.554" errors="0" timestamp="2023-07-27T15:54:28 IST" skipped="0">
  <testcase classname="day5.Selectdropdown" name="staticdropdown" time="7.554"/>
</testsuite> <!-- day5.Selectdropdown -->
