<?xml version="1.0" encoding="UTF-8"?>
<!-- Generated by org.testng.reporters.JUnitReportReporter -->
<testsuite hostname="ITEM-S109239" failures="0" tests="1" name="day5.Assertion" time="1.296" errors="0" timestamp="2023-07-27T02:44:26 IST" skipped="0">
  <testcase classname="day5.Assertion" name="asset" time="1.296"/>
</testsuite> <!-- day5.Assertion -->
