<?xml version="1.0" encoding="UTF-8"?>
<!-- Generated by org.testng.reporters.JUnitReportReporter -->
<testsuite hostname="ITEM-S109239" failures="0" tests="1" name="testcase.HomeTest" time="3.074" errors="0" timestamp="04 Apr 2024 13:54:30 GMT" skipped="0">
  <testcase classname="testcase.HomeTest" name="LogoutfromPage" time="3.074"/>
</testsuite> <!-- testcase.HomeTest -->
