<?xml version="1.0" encoding="UTF-8"?>
<!-- Generated by org.testng.reporters.JUnitReportReporter -->
<testsuite hostname="ITEM-S109239" failures="0" tests="1" name="testcase.LoginTest" time="1.556" errors="0" timestamp="04 Apr 2024 13:54:30 GMT" skipped="0">
  <testcase classname="testcase.LoginTest" name="LoginwithValidPassword" time="1.556"/>
</testsuite> <!-- testcase.LoginTest -->
